<?xml version="1.0" encoding="UTF-8"?>
<!-- Generated by org.testng.reporters.JUnitReportReporter -->
<testsuite hostname="LAPTOP-39100DHL" failures="0" tests="5" name="Excel.Demo" time="0.019" errors="0" timestamp="2023-10-29T21:28:27 IST" skipped="0">
  <testcase classname="Excel.Demo" name="loginTest" time="0.002"/>
  <testcase classname="Excel.Demo" name="loginTest" time="0.011"/>
  <testcase classname="Excel.Demo" name="loginTest" time="0.002"/>
  <testcase classname="Excel.Demo" name="loginTest" time="0.002"/>
  <testcase classname="Excel.Demo" name="loginTest" time="0.002"/>
</testsuite> <!-- Excel.Demo -->
